2024-04-28 23:51:05,459 INFO C:\Users\adamw\OneDrive\桌面\Project\DemoAPI\middleware\ExceptionMiddleware.py changed, reloading.
2024-04-28 23:51:06,830 INFO Watching for file changes with StatReloader
2024-04-28 23:51:13,477 INFO --------------------------------------------------------------------------------
2024-04-28 23:51:13,477 INFO [Request]: POST /api/user/
2024-04-28 23:51:13,478 INFO Headers: {'Content-Length': '59', 'Content-Type': 'application/json', 'User-Agent': 'PostmanRuntime/7.37.3', 'Accept': '*/*', 'Postman-Token': 'f1bab47b-e936-4294-b341-81062c76575a', 'Host': '127.0.0.1:8000', 'Accept-Encoding': 'gzip, deflate, br', 'Connection': 'keep-alive'}
2024-04-28 23:51:13,479 INFO POST Data: {'name': 'aaa', 'empno': 'K08868'}
2024-04-28 23:51:18,039 ERROR Internal Server Error: /api/user/
Traceback (most recent call last):
  File "c:\Users\adamw\OneDrive\桌面\Project\env\djangorest_env\Lib\site-packages\django\core\handlers\exception.py", line 55, in inner
    response = get_response(request)
               ^^^^^^^^^^^^^^^^^^^^^
  File "C:\Users\adamw\OneDrive\桌面\Project\DemoAPI\middleware\LogMiddleware.py", line 35, in __call__
    logging.info(f"[Response] {response.data}")
                               ^^^^^^^^^^^^^
AttributeError: 'JsonResponse' object has no attribute 'data'
2024-04-28 23:51:37,699 INFO C:\Users\adamw\OneDrive\桌面\Project\DemoAPI\middleware\ExceptionMiddleware.py changed, reloading.
2024-04-28 23:51:39,023 INFO Watching for file changes with StatReloader
2024-04-28 23:51:47,899 INFO --------------------------------------------------------------------------------
2024-04-28 23:51:47,900 INFO [Request]: POST /api/user/
2024-04-28 23:51:47,900 INFO Headers: {'Content-Length': '59', 'Content-Type': 'application/json', 'User-Agent': 'PostmanRuntime/7.37.3', 'Accept': '*/*', 'Postman-Token': 'e80d2357-9b57-439a-b6b7-84fba8b051f7', 'Host': '127.0.0.1:8000', 'Accept-Encoding': 'gzip, deflate, br', 'Connection': 'keep-alive'}
2024-04-28 23:51:47,901 INFO POST Data: {'name': 'aaa', 'empno': 'K08868'}
2024-04-28 23:52:19,206 ERROR Internal Server Error: /api/user/
Traceback (most recent call last):
  File "c:\Users\adamw\OneDrive\桌面\Project\env\djangorest_env\Lib\site-packages\django\core\handlers\exception.py", line 55, in inner
    response = get_response(request)
               ^^^^^^^^^^^^^^^^^^^^^
  File "C:\Users\adamw\OneDrive\桌面\Project\DemoAPI\middleware\LogMiddleware.py", line 35, in __call__
    logging.info(f"[Response] {response.data}")
                               ^^^^^^^^^^^^^
AttributeError: 'JsonResponse' object has no attribute 'data'
2024-04-28 23:52:38,310 INFO C:\Users\adamw\OneDrive\桌面\Project\DemoAPI\middleware\LogMiddleware.py changed, reloading.
2024-04-28 23:52:39,644 INFO Watching for file changes with StatReloader
2024-04-28 23:52:51,358 INFO --------------------------------------------------------------------------------
2024-04-28 23:52:51,359 INFO [Request]: POST /api/user/
2024-04-28 23:52:51,359 INFO Headers: {'Content-Length': '59', 'Content-Type': 'application/json', 'User-Agent': 'PostmanRuntime/7.37.3', 'Accept': '*/*', 'Postman-Token': 'f9f1256a-22fb-4433-9fc9-ba474a92208c', 'Host': '127.0.0.1:8000', 'Accept-Encoding': 'gzip, deflate, br', 'Connection': 'keep-alive'}
2024-04-28 23:52:51,360 INFO POST Data: {'name': 'aaa', 'empno': 'K08868'}
2024-04-28 23:52:52,849 INFO [Response] <JsonResponse status_code=500, "application/json">
2024-04-28 23:52:52,852 ERROR Internal Server Error: /api/user/
2024-04-28 23:53:17,721 INFO C:\Users\adamw\OneDrive\桌面\Project\DemoAPI\API\views.py changed, reloading.
2024-04-28 23:53:19,033 INFO Watching for file changes with StatReloader
2024-04-28 23:53:20,378 INFO --------------------------------------------------------------------------------
2024-04-28 23:53:20,378 INFO [Request]: POST /api/user/
2024-04-28 23:53:20,379 INFO Headers: {'Content-Length': '59', 'Content-Type': 'application/json', 'User-Agent': 'PostmanRuntime/7.37.3', 'Accept': '*/*', 'Postman-Token': '6853926e-1acc-4806-ae94-ef3d2e4027a6', 'Host': '127.0.0.1:8000', 'Accept-Encoding': 'gzip, deflate, br', 'Connection': 'keep-alive'}
2024-04-28 23:53:20,379 INFO POST Data: {'name': 'aaa', 'empno': 'K08868'}
2024-04-28 23:53:33,272 INFO C:\Users\adamw\OneDrive\桌面\Project\DemoAPI\API\views.py changed, reloading.
2024-04-28 23:53:33,869 INFO [Response] <Response status_code=200, "application/json">
2024-04-28 23:53:36,773 INFO Watching for file changes with StatReloader
2024-04-28 23:53:38,593 INFO --------------------------------------------------------------------------------
2024-04-28 23:53:38,593 INFO [Request]: POST /api/user/
2024-04-28 23:53:38,593 INFO Headers: {'Content-Length': '59', 'Content-Type': 'application/json', 'User-Agent': 'PostmanRuntime/7.37.3', 'Accept': '*/*', 'Postman-Token': '0c5c49be-6c7d-42af-b83a-5a78ae6809f7', 'Host': '127.0.0.1:8000', 'Accept-Encoding': 'gzip, deflate, br', 'Connection': 'keep-alive'}
2024-04-28 23:53:38,594 INFO POST Data: {'name': 'aaa', 'empno': 'K08868'}
2024-04-28 23:54:55,992 INFO [Response] <JsonResponse status_code=500, "application/json">
2024-04-28 23:55:00,963 ERROR Internal Server Error: /api/user/
2024-04-28 23:56:15,730 INFO --------------------------------------------------------------------------------
2024-04-28 23:56:15,730 INFO [Request]: POST /api/user/
2024-04-28 23:56:15,731 INFO Headers: {'Content-Length': '59', 'Content-Type': 'application/json', 'User-Agent': 'PostmanRuntime/7.37.3', 'Accept': '*/*', 'Postman-Token': 'd5c3233c-f5bd-4c1f-91fe-1fd9bd785767', 'Host': '127.0.0.1:8000', 'Accept-Encoding': 'gzip, deflate, br', 'Connection': 'keep-alive'}
2024-04-28 23:56:15,731 INFO POST Data: {'name': 'aaa', 'empno': 'K08868'}
2024-04-28 23:56:36,505 INFO [Response] <JsonResponse status_code=500, "application/json">
2024-04-28 23:56:36,507 ERROR Internal Server Error: /api/user/
2024-04-28 23:58:12,765 INFO C:\Users\adamw\OneDrive\桌面\Project\DemoAPI\API\views.py changed, reloading.
2024-04-28 23:58:21,691 INFO --------------------------------------------------------------------------------
2024-04-28 23:58:21,691 INFO [Request]: POST /api/user/
2024-04-28 23:58:21,691 INFO Headers: {'Content-Length': '59', 'Content-Type': 'application/json', 'User-Agent': 'PostmanRuntime/7.37.3', 'Accept': '*/*', 'Postman-Token': 'cc5285f9-d0b9-4348-8f18-dbd71e45e3f4', 'Host': '127.0.0.1:8000', 'Accept-Encoding': 'gzip, deflate, br', 'Connection': 'keep-alive'}
2024-04-28 23:58:21,691 INFO POST Data: {'name': 'aaa', 'empno': 'K08868'}
2024-04-28 23:58:21,692 INFO [Response] <JsonResponse status_code=500, "application/json">
2024-04-28 23:58:21,693 ERROR Internal Server Error: /api/user/
2024-04-28 23:58:22,916 INFO Watching for file changes with StatReloader
2024-04-28 23:58:25,896 INFO --------------------------------------------------------------------------------
2024-04-28 23:58:25,896 INFO [Request]: POST /api/user/
2024-04-28 23:58:25,897 INFO Headers: {'Content-Length': '59', 'Content-Type': 'application/json', 'User-Agent': 'PostmanRuntime/7.37.3', 'Accept': '*/*', 'Postman-Token': '3d068268-2234-4280-abe9-4341101f796c', 'Host': '127.0.0.1:8000', 'Accept-Encoding': 'gzip, deflate, br', 'Connection': 'keep-alive'}
2024-04-28 23:58:25,898 INFO POST Data: {'name': 'aaa', 'empno': 'K08868'}
2024-04-28 23:58:32,326 INFO [Response] <JsonResponse status_code=500, "application/json">
2024-04-28 23:58:34,142 ERROR Internal Server Error: /api/user/
